This is pdfTeX, Version 3.141592653-2.6-1.40.24 (MiKTeX 22.12) (preloaded format=pdflatex 2023.1.1)  20 SEP 2023 22:38
entering extended mode
 restricted \write18 enabled.
 file:line:error style messages enabled.
 %&-line parsing enabled.
**d:/0_SIH/documents/proposal.tex
(d:/0_SIH/documents/proposal.tex
LaTeX2e <2022-11-01> patch level 1
L3 programming layer <2022-12-17>

d:/0_SIH/documents/proposal.tex:2: LaTeX hooks Error: Missing (empty) default label on line 2.
(hooks)              This command was ignored.

Type <return> to continue.
 ...                                              
                                                  
l.2 \begin
          {document}

LaTeX does not know anything more about this error, sorry.

Try typing <return> to proceed.
If that doesn't work, type X <return> to quit.



! LaTeX Error: File `.cls' not found.

Type X to quit or <RETURN> to proceed,
or enter new name. (Default extension: cls)

Enter file name: 
d:/0_SIH/documents/proposal.tex:2: Emergency stop.
<read *> 
         
l.2 \begin
          {document}^^M
*** (cannot \read from terminal in nonstop modes)

 
Here is how much of TeX's memory you used:
 24 strings out of 476406
 469 string characters out of 2789568
 1848787 words of memory out of 3000000
 20483 multiletter control sequences out of 15000+600000
 512287 words of font info for 32 fonts, out of 8000000 for 9000
 1141 hyphenation exceptions out of 8191
 20i,0n,45p,90b,44s stack positions out of 10000i,1000n,20000p,200000b,80000s
d:/0_SIH/documents/proposal.tex:2:  ==> Fatal error occurred, no output PDF file produced!
